<?xml version="1.0" encoding="UTF-8"?>
<!-- Generated by org.testng.reporters.JUnitReportReporter -->
<testsuite hostname="Lenovo-G500s" failures="0" tests="1" name="com.testcases.TC_checkForeignPlayers_001" time="0.024" errors="0" timestamp="2022-08-02T16:23:37 IST" skipped="0">
  <testcase classname="com.testcases.TC_checkForeignPlayers_001" name="checkForeignPlayer" time="0.024"/>
  <system-out/>
</testsuite> <!-- com.testcases.TC_checkForeignPlayers_001 -->
